<?xml version="1.0" encoding="UTF-8"?>
<coverage generated="1743269435772" clover="3.2.0">
  <project timestamp="1743269435772" name="All files">
    <metrics statements="55" coveredstatements="50" conditionals="27" coveredconditionals="25" methods="8" coveredmethods="7" elements="90" coveredelements="82" complexity="0" loc="55" ncloc="55" packages="2" files="2" classes="2"/>
    <package name="services">
      <metrics statements="54" coveredstatements="49" conditionals="27" coveredconditionals="25" methods="8" coveredmethods="7"/>
      <file name="dom-selector.service.ts" path="C:\Users\xdd\Desktop\Title-Changer\src\services\dom-selector.service.ts">
        <metrics statements="54" coveredstatements="49" conditionals="27" coveredconditionals="25" methods="8" coveredmethods="7"/>
        <line num="2" count="1" type="stmt"/>
        <line num="8" count="1" type="stmt"/>
        <line num="13" count="3" type="stmt"/>
        <line num="15" count="3" type="stmt"/>
        <line num="17" count="3" type="stmt"/>
        <line num="18" count="2" type="cond" truecount="1" falsecount="0"/>
        <line num="19" count="1" type="stmt"/>
        <line num="23" count="2" type="stmt"/>
        <line num="27" count="2" type="stmt"/>
        <line num="28" count="2" type="cond" truecount="1" falsecount="0"/>
        <line num="29" count="2" type="stmt"/>
        <line num="34" count="2" type="cond" truecount="0" falsecount="1"/>
        <line num="35" count="0" type="stmt"/>
        <line num="39" count="0" type="stmt"/>
        <line num="40" count="0" type="stmt"/>
        <line num="44" count="1" type="stmt"/>
        <line num="47" count="3" type="stmt"/>
        <line num="54" count="3" type="stmt"/>
        <line num="61" count="3" type="stmt"/>
        <line num="62" count="7" type="stmt"/>
        <line num="63" count="7" type="cond" truecount="1" falsecount="0"/>
        <line num="64" count="2" type="stmt"/>
        <line num="68" count="1" type="stmt"/>
        <line num="75" count="2" type="stmt"/>
        <line num="77" count="3" type="cond" truecount="8" falsecount="1"/>
        <line num="89" count="3" type="stmt"/>
        <line num="97" count="3" type="stmt"/>
        <line num="98" count="8" type="stmt"/>
        <line num="99" count="8" type="cond" truecount="1" falsecount="0"/>
        <line num="100" count="2" type="stmt"/>
        <line num="104" count="1" type="stmt"/>
        <line num="112" count="5" type="stmt"/>
        <line num="115" count="5" type="cond" truecount="1" falsecount="0"/>
        <line num="116" count="4" type="stmt"/>
        <line num="117" count="4" type="stmt"/>
        <line num="118" count="4" type="stmt"/>
        <line num="120" count="4" type="cond" truecount="3" falsecount="0"/>
        <line num="121" count="1" type="stmt"/>
        <line num="122" count="1" type="cond" truecount="1" falsecount="0"/>
        <line num="123" count="0" type="stmt"/>
        <line num="124" count="0" type="stmt"/>
        <line num="129" count="5" type="cond" truecount="1" falsecount="0"/>
        <line num="130" count="3" type="stmt"/>
        <line num="131" count="3" type="cond" truecount="1" falsecount="0"/>
        <line num="132" count="1" type="stmt"/>
        <line num="137" count="5" type="cond" truecount="1" falsecount="0"/>
        <line num="138" count="2" type="stmt"/>
        <line num="139" count="2" type="cond" truecount="1" falsecount="0"/>
        <line num="140" count="1" type="stmt"/>
        <line num="141" count="1" type="cond" truecount="1" falsecount="0"/>
        <line num="142" count="1" type="stmt"/>
        <line num="148" count="5" type="cond" truecount="1" falsecount="0"/>
        <line num="149" count="1" type="cond" truecount="2" falsecount="0"/>
        <line num="152" count="5" type="stmt"/>
      </file>
    </package>
    <package name="types">
      <metrics statements="1" coveredstatements="1" conditionals="0" coveredconditionals="0" methods="0" coveredmethods="0"/>
      <file name="symbols.ts" path="C:\Users\xdd\Desktop\Title-Changer\src\types\symbols.ts">
        <metrics statements="1" coveredstatements="1" conditionals="0" coveredconditionals="0" methods="0" coveredmethods="0"/>
        <line num="1" count="1" type="stmt"/>
      </file>
    </package>
  </project>
</coverage>
