{"C:\\Users\\xdd\\Desktop\\Title-Changer\\src\\services\\dom-selector.service.ts": {"path":"C:\\Users\\xdd\\Desktop\\Title-Changer\\src\\services\\dom-selector.service.ts","statementMap":{"0":{"start":{"line":2,"column":0},"end":{"line":2,"column":39}},"1":{"start":{"line":8,"column":0},"end":{"line":154,"column":null}},"2":{"start":{"line":13,"column":45},"end":{"line":13,"column":47}},"3":{"start":{"line":15,"column":8},"end":{"line":45,"column":null}},"4":{"start":{"line":17,"column":37},"end":{"line":17,"column":98}},"5":{"start":{"line":18,"column":12},"end":{"line":20,"column":null}},"6":{"start":{"line":19,"column":16},"end":{"line":19,"column":53}},"7":{"start":{"line":23,"column":41},"end":{"line":24,"column":null}},"8":{"start":{"line":27,"column":12},"end":{"line":31,"column":15}},"9":{"start":{"line":28,"column":16},"end":{"line":30,"column":null}},"10":{"start":{"line":29,"column":20},"end":{"line":29,"column":49}},"11":{"start":{"line":34,"column":12},"end":{"line":42,"column":null}},"12":{"start":{"line":35,"column":42},"end":{"line":36,"column":null}},"13":{"start":{"line":39,"column":16},"end":{"line":41,"column":19}},"14":{"start":{"line":40,"column":20},"end":{"line":40,"column":49}},"15":{"start":{"line":44,"column":12},"end":{"line":44,"column":62}},"16":{"start":{"line":47,"column":8},"end":{"line":47,"column":29}},"17":{"start":{"line":54,"column":26},"end":{"line":59,"column":10}},"18":{"start":{"line":61,"column":8},"end":{"line":66,"column":null}},"19":{"start":{"line":62,"column":26},"end":{"line":62,"column":90}},"20":{"start":{"line":63,"column":12},"end":{"line":65,"column":null}},"21":{"start":{"line":64,"column":16},"end":{"line":64,"column":29}},"22":{"start":{"line":68,"column":8},"end":{"line":68,"column":18}},"23":{"start":{"line":75,"column":8},"end":{"line":82,"column":11}},"24":{"start":{"line":77,"column":12},"end":{"line":81,"column":56}},"25":{"start":{"line":89,"column":31},"end":{"line":95,"column":10}},"26":{"start":{"line":97,"column":8},"end":{"line":102,"column":null}},"27":{"start":{"line":98,"column":23},"end":{"line":98,"column":55}},"28":{"start":{"line":99,"column":12},"end":{"line":101,"column":null}},"29":{"start":{"line":100,"column":16},"end":{"line":100,"column":26}},"30":{"start":{"line":104,"column":8},"end":{"line":104,"column":20}},"31":{"start":{"line":112,"column":23},"end":{"line":112,"column":57}},"32":{"start":{"line":115,"column":8},"end":{"line":126,"column":null}},"33":{"start":{"line":116,"column":25},"end":{"line":116,"column":47}},"34":{"start":{"line":117,"column":30},"end":{"line":117,"column":31}},"35":{"start":{"line":118,"column":35},"end":{"line":118,"column":36}},"36":{"start":{"line":120,"column":12},"end":{"line":125,"column":null}},"37":{"start":{"line":121,"column":16},"end":{"line":121,"column":60}},"38":{"start":{"line":122,"column":16},"end":{"line":122,"column":36}},"39":{"start":{"line":122,"column":30},"end":{"line":122,"column":36}},"40":{"start":{"line":123,"column":16},"end":{"line":123,"column":46}},"41":{"start":{"line":124,"column":16},"end":{"line":124,"column":30}},"42":{"start":{"line":129,"column":8},"end":{"line":134,"column":null}},"43":{"start":{"line":130,"column":34},"end":{"line":130,"column":71}},"44":{"start":{"line":131,"column":12},"end":{"line":133,"column":null}},"45":{"start":{"line":132,"column":16},"end":{"line":132,"column":67}},"46":{"start":{"line":137,"column":8},"end":{"line":145,"column":null}},"47":{"start":{"line":138,"column":27},"end":{"line":138,"column":68}},"48":{"start":{"line":139,"column":12},"end":{"line":144,"column":null}},"49":{"start":{"line":140,"column":29},"end":{"line":140,"column":56}},"50":{"start":{"line":141,"column":16},"end":{"line":143,"column":null}},"51":{"start":{"line":142,"column":20},"end":{"line":142,"column":75}},"52":{"start":{"line":148,"column":8},"end":{"line":150,"column":null}},"53":{"start":{"line":149,"column":12},"end":{"line":149,"column":93}},"54":{"start":{"line":152,"column":8},"end":{"line":152,"column":24}},"55":{"start":{"line":8,"column":13},"end":{"line":154,"column":null}},"56":{"start":{"line":8,"column":13},"end":{"line":8,"column":31}}},"fnMap":{"0":{"name":"(anonymous_0)","decl":{"start":{"line":12,"column":4},"end":{"line":12,"column":20}},"loc":{"start":{"line":12,"column":20},"end":{"line":48,"column":5}}},"1":{"name":"(anonymous_1)","decl":{"start":{"line":27,"column":41},"end":{"line":27,"column":49}},"loc":{"start":{"line":27,"column":52},"end":{"line":31,"column":13}}},"2":{"name":"(anonymous_2)","decl":{"start":{"line":39,"column":42},"end":{"line":39,"column":50}},"loc":{"start":{"line":39,"column":53},"end":{"line":41,"column":17}}},"3":{"name":"(anonymous_3)","decl":{"start":{"line":53,"column":4},"end":{"line":53,"column":16}},"loc":{"start":{"line":53,"column":38},"end":{"line":69,"column":5}}},"4":{"name":"(anonymous_4)","decl":{"start":{"line":74,"column":4},"end":{"line":74,"column":19}},"loc":{"start":{"line":74,"column":42},"end":{"line":83,"column":5}}},"5":{"name":"(anonymous_5)","decl":{"start":{"line":75,"column":66},"end":{"line":75,"column":68}},"loc":{"start":{"line":75,"column":71},"end":{"line":82,"column":9}}},"6":{"name":"(anonymous_6)","decl":{"start":{"line":88,"column":4},"end":{"line":88,"column":19}},"loc":{"start":{"line":88,"column":41},"end":{"line":105,"column":5}}},"7":{"name":"(anonymous_7)","decl":{"start":{"line":110,"column":4},"end":{"line":110,"column":15}},"loc":{"start":{"line":110,"column":37},"end":{"line":153,"column":5}}}},"branchMap":{"0":{"loc":{"start":{"line":18,"column":12},"end":{"line":20,"column":null}},"type":"if","locations":[{"start":{"line":18,"column":12},"end":{"line":20,"column":null}}]},"1":{"loc":{"start":{"line":28,"column":16},"end":{"line":30,"column":null}},"type":"if","locations":[{"start":{"line":28,"column":16},"end":{"line":30,"column":null}}]},"2":{"loc":{"start":{"line":34,"column":12},"end":{"line":42,"column":null}},"type":"if","locations":[{"start":{"line":34,"column":12},"end":{"line":42,"column":null}}]},"3":{"loc":{"start":{"line":63,"column":12},"end":{"line":65,"column":null}},"type":"if","locations":[{"start":{"line":63,"column":12},"end":{"line":65,"column":null}}]},"4":{"loc":{"start":{"line":77,"column":19},"end":{"line":81,"column":55}},"type":"binary-expr","locations":[{"start":{"line":77,"column":19},"end":{"line":77,"column":41}},{"start":{"line":78,"column":19},"end":{"line":78,"column":54}},{"start":{"line":79,"column":19},"end":{"line":79,"column":53}},{"start":{"line":80,"column":19},"end":{"line":80,"column":52}},{"start":{"line":81,"column":19},"end":{"line":81,"column":55}}]},"5":{"loc":{"start":{"line":77,"column":19},"end":{"line":77,"column":41}},"type":"cond-expr","locations":[{"start":{"line":77,"column":33},"end":{"line":77,"column":35}},{"start":{"line":77,"column":33},"end":{"line":77,"column":41}}]},"6":{"loc":{"start":{"line":77,"column":19},"end":{"line":77,"column":35}},"type":"binary-expr","locations":[{"start":{"line":77,"column":19},"end":{"line":77,"column":35}},{"start":{"line":77,"column":33},"end":{"line":77,"column":35}}]},"7":{"loc":{"start":{"line":99,"column":12},"end":{"line":101,"column":null}},"type":"if","locations":[{"start":{"line":99,"column":12},"end":{"line":101,"column":null}}]},"8":{"loc":{"start":{"line":115,"column":8},"end":{"line":126,"column":null}},"type":"if","locations":[{"start":{"line":115,"column":8},"end":{"line":126,"column":null}}]},"9":{"loc":{"start":{"line":120,"column":19},"end":{"line":120,"column":70}},"type":"binary-expr","locations":[{"start":{"line":120,"column":19},"end":{"line":120,"column":28}},{"start":{"line":120,"column":32},"end":{"line":120,"column":38}},{"start":{"line":120,"column":42},"end":{"line":120,"column":70}}]},"10":{"loc":{"start":{"line":122,"column":16},"end":{"line":122,"column":36}},"type":"if","locations":[{"start":{"line":122,"column":16},"end":{"line":122,"column":36}}]},"11":{"loc":{"start":{"line":129,"column":8},"end":{"line":134,"column":null}},"type":"if","locations":[{"start":{"line":129,"column":8},"end":{"line":134,"column":null}}]},"12":{"loc":{"start":{"line":131,"column":12},"end":{"line":133,"column":null}},"type":"if","locations":[{"start":{"line":131,"column":12},"end":{"line":133,"column":null}}]},"13":{"loc":{"start":{"line":137,"column":8},"end":{"line":145,"column":null}},"type":"if","locations":[{"start":{"line":137,"column":8},"end":{"line":145,"column":null}}]},"14":{"loc":{"start":{"line":139,"column":12},"end":{"line":144,"column":null}},"type":"if","locations":[{"start":{"line":139,"column":12},"end":{"line":144,"column":null}}]},"15":{"loc":{"start":{"line":141,"column":16},"end":{"line":143,"column":null}},"type":"if","locations":[{"start":{"line":141,"column":16},"end":{"line":143,"column":null}}]},"16":{"loc":{"start":{"line":148,"column":8},"end":{"line":150,"column":null}},"type":"if","locations":[{"start":{"line":148,"column":8},"end":{"line":150,"column":null}}]},"17":{"loc":{"start":{"line":149,"column":23},"end":{"line":149,"column":92}},"type":"binary-expr","locations":[{"start":{"line":149,"column":23},"end":{"line":149,"column":53}},{"start":{"line":149,"column":57},"end":{"line":149,"column":92}}]}},"s":{"0":1,"1":1,"2":3,"3":3,"4":3,"5":2,"6":1,"7":2,"8":2,"9":2,"10":2,"11":2,"12":0,"13":0,"14":0,"15":1,"16":3,"17":3,"18":3,"19":7,"20":7,"21":2,"22":1,"23":2,"24":3,"25":3,"26":3,"27":8,"28":8,"29":2,"30":1,"31":5,"32":5,"33":4,"34":4,"35":4,"36":4,"37":1,"38":1,"39":1,"40":0,"41":0,"42":5,"43":3,"44":3,"45":1,"46":5,"47":2,"48":2,"49":1,"50":1,"51":1,"52":5,"53":1,"54":5,"55":1,"56":1},"f":{"0":3,"1":2,"2":0,"3":3,"4":2,"5":3,"6":3,"7":5},"b":{"0":[1],"1":[2],"2":[0],"3":[2],"4":[3,2,2,1,1],"5":[0,3],"6":[3,3],"7":[2],"8":[4],"9":[4,4,1],"10":[1],"11":[3],"12":[1],"13":[2],"14":[1],"15":[1],"16":[1],"17":[1,1]}}
,"C:\\Users\\xdd\\Desktop\\Title-Changer\\src\\types\\symbols.ts": {"path":"C:\\Users\\xdd\\Desktop\\Title-Changer\\src\\types\\symbols.ts","statementMap":{"0":{"start":{"line":1,"column":13},"end":{"line":20,"column":2}}},"fnMap":{},"branchMap":{},"s":{"0":1},"f":{},"b":{}}
}
