TN:
SF:src\services\dom-selector.service.ts
FN:12,(anonymous_0)
FN:27,(anonymous_1)
FN:39,(anonymous_2)
FN:53,(anonymous_3)
FN:74,(anonymous_4)
FN:75,(anonymous_5)
FN:88,(anonymous_6)
FN:110,(anonymous_7)
FNF:8
FNH:7
FNDA:3,(anonymous_0)
FNDA:2,(anonymous_1)
FNDA:0,(anonymous_2)
FNDA:3,(anonymous_3)
FNDA:2,(anonymous_4)
FNDA:3,(anonymous_5)
FNDA:3,(anonymous_6)
FNDA:5,(anonymous_7)
DA:2,1
DA:8,1
DA:13,3
DA:15,3
DA:17,3
DA:18,2
DA:19,1
DA:23,2
DA:27,2
DA:28,2
DA:29,2
DA:34,2
DA:35,0
DA:39,0
DA:40,0
DA:44,1
DA:47,3
DA:54,3
DA:61,3
DA:62,7
DA:63,7
DA:64,2
DA:68,1
DA:75,2
DA:77,3
DA:89,3
DA:97,3
DA:98,8
DA:99,8
DA:100,2
DA:104,1
DA:112,5
DA:115,5
DA:116,4
DA:117,4
DA:118,4
DA:120,4
DA:121,1
DA:122,1
DA:123,0
DA:124,0
DA:129,5
DA:130,3
DA:131,3
DA:132,1
DA:137,5
DA:138,2
DA:139,2
DA:140,1
DA:141,1
DA:142,1
DA:148,5
DA:149,1
DA:152,5
LF:54
LH:49
BRDA:18,0,0,1
BRDA:28,1,0,2
BRDA:34,2,0,0
BRDA:63,3,0,2
BRDA:77,4,0,3
BRDA:77,4,1,2
BRDA:77,4,2,2
BRDA:77,4,3,1
BRDA:77,4,4,1
BRDA:77,5,0,0
BRDA:77,5,1,3
BRDA:77,6,0,3
BRDA:77,6,1,3
BRDA:99,7,0,2
BRDA:115,8,0,4
BRDA:120,9,0,4
BRDA:120,9,1,4
BRDA:120,9,2,1
BRDA:122,10,0,1
BRDA:129,11,0,3
BRDA:131,12,0,1
BRDA:137,13,0,2
BRDA:139,14,0,1
BRDA:141,15,0,1
BRDA:148,16,0,1
BRDA:149,17,0,1
BRDA:149,17,1,1
BRF:27
BRH:25
end_of_record
TN:
SF:src\types\symbols.ts
FNF:0
FNH:0
DA:1,1
LF:1
LH:1
BRF:0
BRH:0
end_of_record
